Donkey Kong (1982)
Mousetrap (1982) (Exidy)
Lady Bug (1982) (Universal)
Venture (1982) (Exidy)
Zaxxon (1982) (Sega)
Smurf - Rescue in Gargamel's Castle (1982)
Donkey Kong Jr (1982-83)
Frenzy! (1982-83)
Space Panic (1983) (Universal)
Pepper II (1983) (Exidy)
Mr. Do! (1983) (Universal)
Q-bert (1983) (Parker Bros)
BC's Quest for Tires (1983) (Sierravision)
Subroc (1983) (Sega)
Galaxian (1983) (Atarisoft)
Jumpman Junior (1984) (Epyx)
War Games (1983-84)
Fortune Builder (1984) (Circuits and Systems)
Star Wars - The Arcade Game (1984) (Parker Bros)
Antarctic Adventure (1984) (Konami)